<?xml version="1.0" encoding="UTF-8"?>
<testsuite name="product.ProductsTest" tests="6" skipped="0" failures="0" errors="0" timestamp="2020-08-10T06:44:44" hostname="DESKTOP-CC2A74I" time="0.034">
  <properties/>
  <testcase name="getProductList()" classname="product.ProductsTest" time="0.017"/>
  <testcase name="printAllProducts()" classname="product.ProductsTest" time="0.002"/>
  <testcase name="delProduct()" classname="product.ProductsTest" time="0.001"/>
  <testcase name="getProduct()" classname="product.ProductsTest" time="0.002"/>
  <testcase name="searchProduct()" classname="product.ProductsTest" time="0.001"/>
  <testcase name="addProduct()" classname="product.ProductsTest" time="0.01"/>
  <system-out><![CDATA[===========================상품 목록=============================
==================================================================
===========================상품 목록=============================
==================================================================
해당 상품을 찾을 수 없습니다.
상품을 찾을 수 없습니다.
상품을 찾을 수 없습니다.
상품을 찾을 수 없습니다.
상품을 등록하였습니다.
]]></system-out>
  <system-err><![CDATA[]]></system-err>
</testsuite>
